TN:
SF:/Users/chris/dev/ngx-libs/projects/ngx-crumbs/src/test.ts
FNF:0
FNH:0
DA:15,1
DA:20,1
DA:22,1
LF:3
LH:3
BRF:0
BRH:0
end_of_record
TN:
SF:/Users/chris/dev/ngx-libs/projects/ngx-crumbs/src/lib/ngx-crumb.directive.ts
FN:8,(anonymous_2)
FN:10,NgxCrumbDirective
FN:16,(anonymous_4)
FN:20,(anonymous_5)
FN:24,(anonymous_6)
FN:28,(anonymous_7)
FN:35,(anonymous_8)
FN:39,(anonymous_9)
FNF:8
FNH:8
FNDA:1,(anonymous_2)
FNDA:7,NgxCrumbDirective
FNDA:1,(anonymous_4)
FNDA:1,(anonymous_5)
FNDA:1,(anonymous_6)
FNDA:1,(anonymous_7)
FNDA:1,(anonymous_8)
FNDA:1,(anonymous_9)
DA:8,1
DA:9,1
DA:11,7
DA:12,7
DA:13,7
DA:16,1
DA:17,1
DA:20,1
DA:21,1
DA:24,1
DA:25,1
DA:28,1
DA:29,1
DA:35,1
DA:36,1
DA:39,1
DA:40,1
DA:43,1
LF:18
LH:18
BRF:0
BRH:0
end_of_record
TN:
SF:/Users/chris/dev/ngx-libs/projects/ngx-crumbs/src/lib/ngx-crumbs-window-title.component.ts
FN:18,(anonymous_4)
FN:23,NgxCrumbsWindowTitleComponent
FN:30,(anonymous_6)
FN:34,(anonymous_7)
FN:38,(anonymous_8)
FN:42,(anonymous_9)
FN:48,(anonymous_10)
FN:49,(anonymous_11)
FN:60,(anonymous_12)
FN:66,(anonymous_13)
FN:72,(anonymous_14)
FNF:11
FNH:9
FNDA:1,(anonymous_4)
FNDA:6,NgxCrumbsWindowTitleComponent
FNDA:1,(anonymous_6)
FNDA:2,(anonymous_7)
FNDA:1,(anonymous_8)
FNDA:2,(anonymous_9)
FNDA:1,(anonymous_10)
FNDA:0,(anonymous_11)
FNDA:1,(anonymous_12)
FNDA:7,(anonymous_13)
FNDA:0,(anonymous_14)
DA:18,1
DA:20,6
DA:21,7
DA:24,6
DA:25,6
DA:26,6
DA:27,6
DA:30,1
DA:31,1
DA:34,1
DA:35,2
DA:38,1
DA:39,1
DA:42,1
DA:43,2
DA:48,1
DA:49,1
DA:50,0
DA:52,1
DA:58,1
DA:61,1
DA:66,1
DA:67,7
DA:68,2
DA:69,2
DA:72,1
DA:73,0
DA:76,1
LF:28
LH:26
BRF:0
BRH:0
end_of_record
TN:
SF:/Users/chris/dev/ngx-libs/projects/ngx-crumbs/src/lib/ngx-crumbs.component.ts
FN:29,(anonymous_2)
FN:33,NgxCrumbsComponent
FN:37,(anonymous_4)
FN:41,(anonymous_5)
FN:44,(anonymous_6)
FN:47,(anonymous_7)
FNF:6
FNH:6
FNDA:1,(anonymous_2)
FNDA:3,NgxCrumbsComponent
FNDA:2,(anonymous_4)
FNDA:2,(anonymous_5)
FNDA:3,(anonymous_6)
FNDA:4,(anonymous_7)
DA:29,1
DA:30,3
DA:31,3
DA:34,3
DA:37,1
DA:38,2
DA:41,2
DA:42,2
DA:44,3
DA:47,1
DA:48,4
DA:49,4
DA:52,1
LF:13
LH:13
BRF:0
BRH:0
end_of_record
TN:
SF:/Users/chris/dev/ngx-libs/projects/ngx-crumbs/src/lib/ngx-crumbs.service.ts
FN:9,(anonymous_2)
FN:15,NgxCrumbsService
FN:20,(anonymous_4)
FN:24,(anonymous_5)
FN:33,(anonymous_6)
FN:38,(anonymous_7)
FN:40,(anonymous_8)
FN:41,(anonymous_9)
FNF:8
FNH:8
FNDA:1,(anonymous_2)
FNDA:4,NgxCrumbsService
FNDA:4,(anonymous_4)
FNDA:5,(anonymous_5)
FNDA:1,(anonymous_6)
FNDA:6,(anonymous_7)
FNDA:8,(anonymous_8)
FNDA:2,(anonymous_9)
DA:9,1
DA:12,4
DA:13,4
DA:20,1
DA:21,4
DA:24,1
DA:25,5
DA:30,5
DA:33,1
DA:34,1
DA:35,1
DA:38,1
DA:39,6
DA:40,8
DA:41,6
DA:42,2
DA:44,6
DA:48,1
LF:18
LH:18
BRF:0
BRH:0
end_of_record
TN:
SF:/Users/chris/dev/ngx-libs/projects/ngx-crumbs/src/lib/shared.ts
FNF:0
FNH:0
DA:8,1
LF:1
LH:1
BRF:0
BRH:0
end_of_record
