TN:
SF:/Users/chris/dev/ngx-libs/projects/ngx-bootstrap-navbar/src/test.ts
FNF:0
FNH:0
DA:15,1
DA:20,1
DA:22,1
LF:3
LH:3
BRF:0
BRH:0
end_of_record
TN:
SF:/Users/chris/dev/ngx-libs/projects/ngx-bootstrap-navbar/src/lib/ngx-bootstrap-navbar-content.directive.ts
FN:9,(anonymous_2)
FN:12,NgxBootstrapNavbarContentDirective
FN:18,(anonymous_4)
FN:22,(anonymous_5)
FN:26,(anonymous_6)
FN:30,(anonymous_7)
FN:34,(anonymous_8)
FN:45,(anonymous_9)
FNF:8
FNH:8
FNDA:1,(anonymous_2)
FNDA:9,NgxBootstrapNavbarContentDirective
FNDA:5,(anonymous_4)
FNDA:2,(anonymous_5)
FNDA:1,(anonymous_6)
FNDA:1,(anonymous_7)
FNDA:3,(anonymous_8)
FNDA:1,(anonymous_9)
DA:9,1
DA:10,1
DA:13,9
DA:14,9
DA:15,9
DA:18,1
DA:19,5
DA:22,1
DA:23,2
DA:26,1
DA:27,1
DA:30,1
DA:31,1
DA:34,1
DA:35,3
DA:36,3
DA:37,3
DA:38,5
DA:39,5
DA:41,3
DA:42,3
DA:45,1
DA:46,1
DA:49,1
LF:24
LH:24
BRF:0
BRH:0
end_of_record
TN:
SF:/Users/chris/dev/ngx-libs/projects/ngx-bootstrap-navbar/src/lib/ngx-bootstrap-navbar.component.ts
FN:34,(anonymous_2)
FN:43,NgxBootstrapNavbarComponent
FN:48,(anonymous_4)
FN:51,(anonymous_5)
FN:55,(anonymous_6)
FN:57,(anonymous_7)
FN:60,(anonymous_8)
FN:64,(anonymous_9)
FN:72,(anonymous_10)
FN:74,(anonymous_11)
FN:79,(anonymous_12)
FNF:11
FNH:11
FNDA:1,(anonymous_2)
FNDA:9,NgxBootstrapNavbarComponent
FNDA:8,(anonymous_4)
FNDA:10,(anonymous_5)
FNDA:8,(anonymous_6)
FNDA:1,(anonymous_7)
FNDA:8,(anonymous_8)
FNDA:11,(anonymous_9)
FNDA:1,(anonymous_10)
FNDA:11,(anonymous_11)
FNDA:1,(anonymous_12)
DA:34,1
DA:35,1
DA:36,9
DA:37,1
DA:38,10
DA:39,9
DA:40,9
DA:41,9
DA:44,9
DA:45,9
DA:48,1
DA:49,8
DA:51,1
DA:52,10
DA:55,1
DA:56,8
DA:57,1
DA:60,8
DA:61,8
DA:62,8
DA:65,11
DA:66,11
DA:67,11
DA:69,8
DA:70,8
DA:72,1
DA:74,1
DA:75,11
DA:76,11
DA:79,1
DA:80,1
DA:83,1
LF:32
LH:32
BRDA:65,0,0,1
BRDA:65,0,1,10
BRDA:66,1,0,1
BRDA:66,1,1,10
BRDA:67,2,0,1
BRDA:67,2,1,10
BRF:6
BRH:6
end_of_record
TN:
SF:/Users/chris/dev/ngx-libs/projects/ngx-bootstrap-navbar/src/lib/ngx-bootstrap-navbar.service.ts
FN:9,(anonymous_2)
FN:14,NgxBootstrapNavbarService
FN:16,(anonymous_4)
FN:20,(anonymous_5)
FN:25,(anonymous_6)
FN:31,(anonymous_7)
FN:33,(anonymous_8)
FN:34,(anonymous_9)
FN:35,(anonymous_10)
FNF:9
FNH:9
FNDA:1,(anonymous_2)
FNDA:11,NgxBootstrapNavbarService
FNDA:13,(anonymous_4)
FNDA:15,(anonymous_5)
FNDA:6,(anonymous_6)
FNDA:21,(anonymous_7)
FNDA:24,(anonymous_8)
FNDA:24,(anonymous_9)
FNDA:6,(anonymous_10)
DA:9,1
DA:11,11
DA:12,11
DA:16,1
DA:17,13
DA:20,1
DA:21,15
DA:22,15
DA:25,1
DA:26,6
DA:27,6
DA:31,1
DA:32,21
DA:33,24
DA:34,24
DA:35,21
DA:36,21
DA:37,21
DA:38,21
DA:40,1
LF:20
LH:20
BRDA:37,0,0,21
BRDA:37,0,1,3
BRF:2
BRH:2
end_of_record
TN:
SF:/Users/chris/dev/ngx-libs/projects/ngx-bootstrap-navbar/src/lib/shared.ts
FN:3,(anonymous_0)
FNF:1
FNH:1
FNDA:1,(anonymous_0)
DA:3,1
DA:4,1
DA:5,1
DA:6,1
LF:4
LH:4
BRDA:3,0,0,1
BRDA:3,0,1,1
BRF:2
BRH:2
end_of_record
