TN:
SF:/Users/chris/dev/ngx-libs/projects/ngx-form/src/test.ts
FNF:0
FNH:0
DA:15,1
DA:20,1
DA:22,1
LF:3
LH:3
BRF:0
BRH:0
end_of_record
TN:
SF:/Users/chris/dev/ngx-libs/projects/ngx-form/src/lib/ngx-form-error.component.ts
FN:15,(anonymous_0)
FN:57,NgxFormErrorComponent
FN:30,(anonymous_2)
FN:23,(anonymous_3)
FN:61,(anonymous_4)
FN:65,(anonymous_5)
FN:80,(anonymous_6)
FNF:7
FNH:7
FNDA:1,(anonymous_0)
FNDA:5,NgxFormErrorComponent
FNDA:3,(anonymous_2)
FNDA:5,(anonymous_3)
FNDA:4,(anonymous_4)
FNDA:9,(anonymous_5)
FNDA:6,(anonymous_6)
DA:15,1
DA:16,5
DA:23,2
DA:24,5
DA:31,3
DA:37,1
DA:42,6
DA:49,6
DA:54,5
DA:61,4
DA:62,4
DA:63,4
DA:66,9
DA:68,3
DA:69,3
DA:71,3
DA:72,3
DA:74,3
DA:75,3
DA:80,1
DA:81,6
DA:82,6
DA:85,1
LF:23
LH:23
BRDA:67,0,0,3
BRDA:67,0,1,3
BRDA:67,0,2,3
BRDA:71,1,0,3
BRDA:71,1,1,1
BRDA:74,2,0,3
BRDA:74,2,1,1
BRF:7
BRH:7
end_of_record
TN:
SF:/Users/chris/dev/ngx-libs/projects/ngx-form/src/lib/ngx-invalid-control.directive.ts
FN:10,(anonymous_0)
FN:24,NgxInvalidControlDirective
FN:31,(anonymous_2)
FN:41,(anonymous_3)
FN:45,(anonymous_4)
FN:49,(anonymous_5)
FN:56,(anonymous_6)
FN:77,(anonymous_7)
FNF:8
FNH:8
FNDA:1,(anonymous_0)
FNDA:14,NgxInvalidControlDirective
FNDA:9,(anonymous_2)
FNDA:7,(anonymous_3)
FNDA:7,(anonymous_4)
FNDA:8,(anonymous_5)
FNDA:6,(anonymous_6)
FNDA:1,(anonymous_7)
DA:10,1
DA:11,14
DA:17,15
DA:22,15
DA:25,14
DA:26,14
DA:27,14
DA:28,14
DA:31,1
DA:32,9
DA:33,7
DA:35,2
DA:36,1
DA:38,1
DA:41,1
DA:42,7
DA:45,1
DA:46,7
DA:49,8
DA:50,8
DA:51,8
DA:52,1
DA:54,7
DA:57,6
DA:58,6
DA:60,2
DA:61,2
DA:63,2
DA:64,2
DA:66,2
DA:67,2
DA:69,6
DA:70,3
DA:72,3
DA:77,1
DA:78,1
DA:79,1
DA:82,1
LF:38
LH:38
BRDA:32,0,0,7
BRDA:32,0,1,2
BRDA:35,1,0,1
BRDA:35,1,1,1
BRDA:51,2,0,1
BRDA:51,2,1,7
BRDA:59,3,0,2
BRDA:59,3,1,2
BRDA:59,3,2,2
BRDA:63,4,0,2
BRDA:63,4,1,1
BRDA:66,5,0,2
BRDA:66,5,1,1
BRDA:69,6,0,3
BRDA:69,6,1,3
BRF:15
BRH:15
end_of_record
TN:
SF:/Users/chris/dev/ngx-libs/projects/ngx-form/src/lib/shared.ts
FN:1,(anonymous_0)
FNF:1
FNH:1
FNDA:1,(anonymous_0)
DA:1,1
DA:2,1
DA:3,1
DA:4,1
LF:4
LH:4
BRDA:1,0,0,1
BRDA:1,0,1,1
BRF:2
BRH:2
end_of_record
